<?xml version="1.0" encoding="UTF-8" standalone="no"?><testsuite errors="1" failures="0" name="Employee Management API" skipped="0" tests="1" time="0.54" timestamp="2024-01-22 12:02:13"><testcase name="Obtener todos los datos de los empleados"><error message="Step [que la API del (empleado) está disponible] is defined with 1 parameters at 'com.choucar.apis.stepdefinition.MagnamentStepDefinition.ApiEmpleadoDisponible(java.lang.String)'.&#10;However, the gherkin step has 0 arguments.&#10;Step text: que la API del empleado está disponible" type="io.cucumber.core.exception.CucumberException">Step [que la API del (empleado) está disponible] is defined with 1 parameters at 'com.choucar.apis.stepdefinition.MagnamentStepDefinition.ApiEmpleadoDisponible(java.lang.String)'.
However, the gherkin step has 0 arguments.
Step text: que la API del empleado está disponible</error><system-err>Step [que la API del (empleado) está disponible] is defined with 1 parameters at 'com.choucar.apis.stepdefinition.MagnamentStepDefinition.ApiEmpleadoDisponible(java.lang.String)'.
However, the gherkin step has 0 arguments.
Step text: que la API del empleado está disponible&#13;
io.cucumber.core.runner.PickleStepDefinitionMatch.arityMismatch(PickleStepDefinitionMatch.java:83)&#13;
io.cucumber.core.runner.PickleStepDefinitionMatch.runStep(PickleStepDefinitionMatch.java:42)&#13;
io.cucumber.core.runner.TestStep.executeStep(TestStep.java:84)&#13;
io.cucumber.core.runner.TestStep.run(TestStep.java:56)&#13;
io.cucumber.core.runner.PickleStepTestStep.run(PickleStepTestStep.java:51)&#13;
io.cucumber.core.runner.TestCase.run(TestCase.java:84)&#13;
io.cucumber.core.runner.Runner.runPickle(Runner.java:75)&#13;
io.cucumber.core.runtime.CucumberExecutionContext.lambda$runTestCase$5(CucumberExecutionContext.java:130)&#13;
io.cucumber.core.runtime.RethrowingThrowableCollector.executeAndThrow(RethrowingThrowableCollector.java:23)&#13;
io.cucumber.core.runtime.CucumberExecutionContext.runTestCase(CucumberExecutionContext.java:130)&#13;
io.cucumber.junit.FeatureRunner.runChild(FeatureRunner.java:144)&#13;
io.cucumber.junit.FeatureRunner.runChild(FeatureRunner.java:28)&#13;
io.cucumber.junit.FeatureRunner.run(FeatureRunner.java:137)&#13;
io.cucumber.junit.CucumberSerenityRunner.runChild(CucumberSerenityRunner.java:259)&#13;
io.cucumber.junit.CucumberSerenityRunner.runChild(CucumberSerenityRunner.java:59)&#13;
</system-err></testcase></testsuite>